
============================================================
  ATS CYCLE — Entry(live) + Protection(live)
  2026-03-26T01:24:06.815977+00:00
============================================================

━━━ PHASE 1: ENTRY SCAN ━━━


============================================================
  ENTRY MODULE — LIVE MODE
  2026-03-26T01:24:07.168397+00:00
============================================================

[1/4] Account: spot=$97.81 | perp=$4.892770 | positions=1
[2/4] Signals: 1 above threshold
  PROVE: long | -143% ann. | Vol: $4,112,361 | Score: 5.9

[3/4] Evaluating best: PROVE (score: 5.9)
  ❌ BLOCKED: Already have position in PROVE

━━━ PHASE 2: PROTECTION ━━━


============================================================
  RISK GUARDIAN — 🔴 LIVE
  2026-03-26T01:24:11.451446+00:00
============================================================

[1/4] Wallet: $102.73 (spot: $97.83 | perps: $4.903990)
       Funded: ✅ | Perps allocated: ✅ | Positions: 1
[2/4] Evaluated: 1 HOLD | 0 CLOSE | 0 ALERT
[3/4] No closes needed
[4/4] Report: /Users/yumo/Projects/autonomous-trading-system/workspace/RISK_GUARDIAN_REPORT.md

============================================================
  DONE — 1 held, 0 acted, 0 alerted
============================================================


============================================================
  CYCLE COMPLETE
  Entry: blocked
  Guardian: 1 positions monitored
============================================================

