
============================================================
  RISK GUARDIAN — 🔴 LIVE
  2026-03-26T00:53:10.842985+00:00
============================================================

[1/4] Account: $0.000000 | Positions: 0
[2/4] Evaluated: 0 HOLD | 0 CLOSE | 0 ALERT
[3/4] No closes needed
[4/4] Report: /private/tmp/ecosystem-fixes/autonomous-trading-system/workspace/RISK_GUARDIAN_REPORT.md

============================================================
  DONE — 0 held, 0 acted, 0 alerted
============================================================


============================================================
  RISK GUARDIAN — 🔴 LIVE
  2026-03-26T00:55:49.655682+00:00
============================================================

[1/4] Wallet: $97.89 (spot: $97.89 | perps: $0.000000)
       Funded: ✅ | Perps allocated: ❌ | Positions: 0
[2/4] Evaluated: 0 HOLD | 0 CLOSE | 0 ALERT
[3/4] No closes needed
[4/4] Report: /private/tmp/ecosystem-fixes/autonomous-trading-system/workspace/RISK_GUARDIAN_REPORT.md

============================================================
  DONE — 0 held, 0 acted, 0 alerted
============================================================

